<?xml version="1.0" encoding="utf-8"?>
<TestRun id="ef4b4a27-6bca-42fa-a8b1-5a1de0c10683" name="LENOVO@DESKTOP-1Q7QC2D 2021-06-02 14:59:13" runUser="DESKTOP-1Q7QC2D\LENOVO" xmlns="http://microsoft.com/schemas/VisualStudio/TeamTest/2010">
  <Times creation="2021-06-02T14:59:13.3793332-05:00" queuing="2021-06-02T14:59:13.3793346-05:00" start="2021-06-02T14:59:12.1601800-05:00" finish="2021-06-02T14:59:13.4087748-05:00" />
  <TestSettings name="default" id="fa4b76b2-3ed9-4a32-bc09-a8e2e04a97eb">
    <Deployment runDeploymentRoot="LENOVO_DESKTOP-1Q7QC2D_2021-06-02_14_59_13" />
  </TestSettings>
  <Results>
    <UnitTestResult executionId="7e46824f-b922-4500-b303-4b93a8d01052" testId="350e558e-6dc9-20e6-19a0-58d4df83a2c0" testName="getAggregates" computerName="DESKTOP-1Q7QC2D" duration="00:00:00.0002999" startTime="2021-06-02T14:59:13.0000000-05:00" endTime="2021-06-02T14:59:13.0000000-05:00" testType="13cdc9d9-ddb5-4fa4-a97d-d965ccfc6d4b" outcome="Passed" testListId="8c84fa94-04c1-424b-9868-57a2d4851a1d" relativeResultsDirectory="7e46824f-b922-4500-b303-4b93a8d01052" />
    <UnitTestResult executionId="b09367ad-8346-4954-8f3e-fc4bfe8e239e" testId="ea7174ff-43b5-ef31-21b2-023e4b050633" testName="get" computerName="DESKTOP-1Q7QC2D" duration="00:00:00.0001660" startTime="2021-06-02T14:59:13.0000000-05:00" endTime="2021-06-02T14:59:13.0000000-05:00" testType="13cdc9d9-ddb5-4fa4-a97d-d965ccfc6d4b" outcome="Passed" testListId="8c84fa94-04c1-424b-9868-57a2d4851a1d" relativeResultsDirectory="b09367ad-8346-4954-8f3e-fc4bfe8e239e" />
    <UnitTestResult executionId="650e9066-e8d9-457f-9da0-a75f7bbcfbfa" testId="f4141637-94fb-895c-0c06-28c84afb7f12" testName="update" computerName="DESKTOP-1Q7QC2D" duration="00:00:00.0003210" startTime="2021-06-02T14:59:13.0000000-05:00" endTime="2021-06-02T14:59:13.0000000-05:00" testType="13cdc9d9-ddb5-4fa4-a97d-d965ccfc6d4b" outcome="Passed" testListId="8c84fa94-04c1-424b-9868-57a2d4851a1d" relativeResultsDirectory="650e9066-e8d9-457f-9da0-a75f7bbcfbfa" />
    <UnitTestResult executionId="38b099e3-9077-4255-964c-78afdf0fc8f5" testId="7f8c131e-83c5-7252-baaf-de25e78f0eb0" testName="getDTO" computerName="DESKTOP-1Q7QC2D" duration="00:00:00.0030180" startTime="2021-06-02T14:59:13.0000000-05:00" endTime="2021-06-02T14:59:13.0000000-05:00" testType="13cdc9d9-ddb5-4fa4-a97d-d965ccfc6d4b" outcome="Passed" testListId="8c84fa94-04c1-424b-9868-57a2d4851a1d" relativeResultsDirectory="38b099e3-9077-4255-964c-78afdf0fc8f5" />
    <UnitTestResult executionId="c25eaf4f-b9d3-40d0-a253-3e782068b709" testId="b5c55b33-8b31-3039-4a90-6d089bb109dd" testName="getAggregate" computerName="DESKTOP-1Q7QC2D" duration="00:00:00.0083459" startTime="2021-06-02T14:59:13.0000000-05:00" endTime="2021-06-02T14:59:13.0000000-05:00" testType="13cdc9d9-ddb5-4fa4-a97d-d965ccfc6d4b" outcome="Passed" testListId="8c84fa94-04c1-424b-9868-57a2d4851a1d" relativeResultsDirectory="c25eaf4f-b9d3-40d0-a253-3e782068b709" />
    <UnitTestResult executionId="a8174f2a-5958-4a79-80d1-cb026e16875c" testId="d382a7fe-a3d7-d1ac-c75e-1e29e4675531" testName="get" computerName="DESKTOP-1Q7QC2D" duration="00:00:00.0173670" startTime="2021-06-02T14:59:13.0000000-05:00" endTime="2021-06-02T14:59:13.0000000-05:00" testType="13cdc9d9-ddb5-4fa4-a97d-d965ccfc6d4b" outcome="Passed" testListId="8c84fa94-04c1-424b-9868-57a2d4851a1d" relativeResultsDirectory="a8174f2a-5958-4a79-80d1-cb026e16875c" />
    <UnitTestResult executionId="be22cb41-0866-4a70-bb92-586cbadac533" testId="423fbcea-3931-10dc-a48b-2140fe4c1a17" testName="list" computerName="DESKTOP-1Q7QC2D" duration="00:00:00.0373440" startTime="2021-06-02T14:59:13.0000000-05:00" endTime="2021-06-02T14:59:13.0000000-05:00" testType="13cdc9d9-ddb5-4fa4-a97d-d965ccfc6d4b" outcome="Passed" testListId="8c84fa94-04c1-424b-9868-57a2d4851a1d" relativeResultsDirectory="be22cb41-0866-4a70-bb92-586cbadac533" />
    <UnitTestResult executionId="2bd955ac-b304-4ace-8bde-b67219350b20" testId="292724bb-1e2e-5576-5ff1-af272d3a4734" testName="validate" computerName="DESKTOP-1Q7QC2D" duration="00:00:00.0004690" startTime="2021-06-02T14:59:13.0000000-05:00" endTime="2021-06-02T14:59:13.0000000-05:00" testType="13cdc9d9-ddb5-4fa4-a97d-d965ccfc6d4b" outcome="Passed" testListId="8c84fa94-04c1-424b-9868-57a2d4851a1d" relativeResultsDirectory="2bd955ac-b304-4ace-8bde-b67219350b20" />
    <UnitTestResult executionId="91da8771-9f91-49a0-b28c-4fde8ccc8c43" testId="3bf529a7-d1ba-f6a4-188e-b750045a6328" testName="list" computerName="DESKTOP-1Q7QC2D" duration="00:00:00.0001290" startTime="2021-06-02T14:59:13.0000000-05:00" endTime="2021-06-02T14:59:13.0000000-05:00" testType="13cdc9d9-ddb5-4fa4-a97d-d965ccfc6d4b" outcome="Passed" testListId="8c84fa94-04c1-424b-9868-57a2d4851a1d" relativeResultsDirectory="91da8771-9f91-49a0-b28c-4fde8ccc8c43" />
    <UnitTestResult executionId="bfd420c8-4010-47a9-a4e1-a61668dfc43b" testId="fafcc448-d0b0-6ef0-f349-a38358d123a9" testName="list" computerName="DESKTOP-1Q7QC2D" duration="00:00:00.0014679" startTime="2021-06-02T14:59:13.0000000-05:00" endTime="2021-06-02T14:59:13.0000000-05:00" testType="13cdc9d9-ddb5-4fa4-a97d-d965ccfc6d4b" outcome="Passed" testListId="8c84fa94-04c1-424b-9868-57a2d4851a1d" relativeResultsDirectory="bfd420c8-4010-47a9-a4e1-a61668dfc43b" />
    <UnitTestResult executionId="281ce354-e1ac-4506-92ea-6f4f10702906" testId="7d16d8f1-e277-dc4f-d183-119844044ad2" testName="create" computerName="DESKTOP-1Q7QC2D" duration="00:00:00.0120830" startTime="2021-06-02T14:59:13.0000000-05:00" endTime="2021-06-02T14:59:13.0000000-05:00" testType="13cdc9d9-ddb5-4fa4-a97d-d965ccfc6d4b" outcome="Passed" testListId="8c84fa94-04c1-424b-9868-57a2d4851a1d" relativeResultsDirectory="281ce354-e1ac-4506-92ea-6f4f10702906" />
    <UnitTestResult executionId="0cdbc496-f42c-4912-9acd-f468ae3ca5a5" testId="9d7fe1bb-dd86-5e90-3d52-6a3a1e9ba0e3" testName="update" computerName="DESKTOP-1Q7QC2D" duration="00:00:00.0010470" startTime="2021-06-02T14:59:13.0000000-05:00" endTime="2021-06-02T14:59:13.0000000-05:00" testType="13cdc9d9-ddb5-4fa4-a97d-d965ccfc6d4b" outcome="Passed" testListId="8c84fa94-04c1-424b-9868-57a2d4851a1d" relativeResultsDirectory="0cdbc496-f42c-4912-9acd-f468ae3ca5a5" />
    <UnitTestResult executionId="e154c892-839b-499d-98e9-9bd0e318e90e" testId="979e5997-9f0c-2b58-9f5a-be095685c2af" testName="getDTOs" computerName="DESKTOP-1Q7QC2D" duration="00:00:00.0001340" startTime="2021-06-02T14:59:13.0000000-05:00" endTime="2021-06-02T14:59:13.0000000-05:00" testType="13cdc9d9-ddb5-4fa4-a97d-d965ccfc6d4b" outcome="Passed" testListId="8c84fa94-04c1-424b-9868-57a2d4851a1d" relativeResultsDirectory="e154c892-839b-499d-98e9-9bd0e318e90e" />
    <UnitTestResult executionId="cc1d554d-5c36-4021-bc98-94161b5421e5" testId="484a91c1-0fb0-0919-43fa-88333fd272a3" testName="create" computerName="DESKTOP-1Q7QC2D" duration="00:00:00.0036960" startTime="2021-06-02T14:59:13.0000000-05:00" endTime="2021-06-02T14:59:13.0000000-05:00" testType="13cdc9d9-ddb5-4fa4-a97d-d965ccfc6d4b" outcome="Passed" testListId="8c84fa94-04c1-424b-9868-57a2d4851a1d" relativeResultsDirectory="cc1d554d-5c36-4021-bc98-94161b5421e5" />
  </Results>
  <TestDefinitions>
    <UnitTest name="list" storage="d:\workspace\pr\empresax.permiso.api\empresax.permiso.api.test\bin\debug\netcoreapp3.1\empresax.permiso.api.test.dll" id="fafcc448-d0b0-6ef0-f349-a38358d123a9">
      <Execution id="bfd420c8-4010-47a9-a4e1-a61668dfc43b" />
      <TestMethod codeBase="D:\workspace\pr\empresax.permiso.api\empresax.permiso.api.test\bin\Debug\netcoreapp3.1\empresax.permiso.api.test.dll" adapterTypeName="executor://nunit3testexecutor/" className="empresax.permiso.api.test.application.service.PermissionServiceTest" name="list" />
    </UnitTest>
    <UnitTest name="list" storage="d:\workspace\pr\empresax.permiso.api\empresax.permiso.api.test\bin\debug\netcoreapp3.1\empresax.permiso.api.test.dll" id="3bf529a7-d1ba-f6a4-188e-b750045a6328">
      <Execution id="91da8771-9f91-49a0-b28c-4fde8ccc8c43" />
      <TestMethod codeBase="D:\workspace\pr\empresax.permiso.api\empresax.permiso.api.test\bin\Debug\netcoreapp3.1\empresax.permiso.api.test.dll" adapterTypeName="executor://nunit3testexecutor/" className="empresax.permiso.api.test.infraestructure.repository.PermissionRepositoryTest" name="list" />
    </UnitTest>
    <UnitTest name="validate" storage="d:\workspace\pr\empresax.permiso.api\empresax.permiso.api.test\bin\debug\netcoreapp3.1\empresax.permiso.api.test.dll" id="292724bb-1e2e-5576-5ff1-af272d3a4734">
      <Execution id="2bd955ac-b304-4ace-8bde-b67219350b20" />
      <TestMethod codeBase="D:\workspace\pr\empresax.permiso.api\empresax.permiso.api.test\bin\Debug\netcoreapp3.1\empresax.permiso.api.test.dll" adapterTypeName="executor://nunit3testexecutor/" className="empresax.permiso.api.test.application.validator.PermissionValidatorTest" name="validate" />
    </UnitTest>
    <UnitTest name="create" storage="d:\workspace\pr\empresax.permiso.api\empresax.permiso.api.test\bin\debug\netcoreapp3.1\empresax.permiso.api.test.dll" id="7d16d8f1-e277-dc4f-d183-119844044ad2">
      <Execution id="281ce354-e1ac-4506-92ea-6f4f10702906" />
      <TestMethod codeBase="D:\workspace\pr\empresax.permiso.api\empresax.permiso.api.test\bin\Debug\netcoreapp3.1\empresax.permiso.api.test.dll" adapterTypeName="executor://nunit3testexecutor/" className="empresax.permiso.api.test.application.service.PermissionServiceTest" name="create" />
    </UnitTest>
    <UnitTest name="update" storage="d:\workspace\pr\empresax.permiso.api\empresax.permiso.api.test\bin\debug\netcoreapp3.1\empresax.permiso.api.test.dll" id="f4141637-94fb-895c-0c06-28c84afb7f12">
      <Execution id="650e9066-e8d9-457f-9da0-a75f7bbcfbfa" />
      <TestMethod codeBase="D:\workspace\pr\empresax.permiso.api\empresax.permiso.api.test\bin\Debug\netcoreapp3.1\empresax.permiso.api.test.dll" adapterTypeName="executor://nunit3testexecutor/" className="empresax.permiso.api.test.infraestructure.repository.PermissionRepositoryTest" name="update" />
    </UnitTest>
    <UnitTest name="get" storage="d:\workspace\pr\empresax.permiso.api\empresax.permiso.api.test\bin\debug\netcoreapp3.1\empresax.permiso.api.test.dll" id="ea7174ff-43b5-ef31-21b2-023e4b050633">
      <Execution id="b09367ad-8346-4954-8f3e-fc4bfe8e239e" />
      <TestMethod codeBase="D:\workspace\pr\empresax.permiso.api\empresax.permiso.api.test\bin\Debug\netcoreapp3.1\empresax.permiso.api.test.dll" adapterTypeName="executor://nunit3testexecutor/" className="empresax.permiso.api.test.infraestructure.repository.PermissionRepositoryTest" name="get" />
    </UnitTest>
    <UnitTest name="list" storage="d:\workspace\pr\empresax.permiso.api\empresax.permiso.api.test\bin\debug\netcoreapp3.1\empresax.permiso.api.test.dll" id="423fbcea-3931-10dc-a48b-2140fe4c1a17">
      <Execution id="be22cb41-0866-4a70-bb92-586cbadac533" />
      <TestMethod codeBase="D:\workspace\pr\empresax.permiso.api\empresax.permiso.api.test\bin\Debug\netcoreapp3.1\empresax.permiso.api.test.dll" adapterTypeName="executor://nunit3testexecutor/" className="empresax.permiso.api.test.infraestructure.Controller.PermissionControllerTest" name="list" />
    </UnitTest>
    <UnitTest name="getAggregate" storage="d:\workspace\pr\empresax.permiso.api\empresax.permiso.api.test\bin\debug\netcoreapp3.1\empresax.permiso.api.test.dll" id="b5c55b33-8b31-3039-4a90-6d089bb109dd">
      <Execution id="c25eaf4f-b9d3-40d0-a253-3e782068b709" />
      <TestMethod codeBase="D:\workspace\pr\empresax.permiso.api\empresax.permiso.api.test\bin\Debug\netcoreapp3.1\empresax.permiso.api.test.dll" adapterTypeName="executor://nunit3testexecutor/" className="empresax.permiso.api.test.infraestructure.transform.PermissionTransformTest" name="getAggregate" />
    </UnitTest>
    <UnitTest name="update" storage="d:\workspace\pr\empresax.permiso.api\empresax.permiso.api.test\bin\debug\netcoreapp3.1\empresax.permiso.api.test.dll" id="9d7fe1bb-dd86-5e90-3d52-6a3a1e9ba0e3">
      <Execution id="0cdbc496-f42c-4912-9acd-f468ae3ca5a5" />
      <TestMethod codeBase="D:\workspace\pr\empresax.permiso.api\empresax.permiso.api.test\bin\Debug\netcoreapp3.1\empresax.permiso.api.test.dll" adapterTypeName="executor://nunit3testexecutor/" className="empresax.permiso.api.test.application.service.PermissionServiceTest" name="update" />
    </UnitTest>
    <UnitTest name="getDTO" storage="d:\workspace\pr\empresax.permiso.api\empresax.permiso.api.test\bin\debug\netcoreapp3.1\empresax.permiso.api.test.dll" id="7f8c131e-83c5-7252-baaf-de25e78f0eb0">
      <Execution id="38b099e3-9077-4255-964c-78afdf0fc8f5" />
      <TestMethod codeBase="D:\workspace\pr\empresax.permiso.api\empresax.permiso.api.test\bin\Debug\netcoreapp3.1\empresax.permiso.api.test.dll" adapterTypeName="executor://nunit3testexecutor/" className="empresax.permiso.api.test.infraestructure.transform.PermissionTransformTest" name="getDTO" />
    </UnitTest>
    <UnitTest name="get" storage="d:\workspace\pr\empresax.permiso.api\empresax.permiso.api.test\bin\debug\netcoreapp3.1\empresax.permiso.api.test.dll" id="d382a7fe-a3d7-d1ac-c75e-1e29e4675531">
      <Execution id="a8174f2a-5958-4a79-80d1-cb026e16875c" />
      <TestMethod codeBase="D:\workspace\pr\empresax.permiso.api\empresax.permiso.api.test\bin\Debug\netcoreapp3.1\empresax.permiso.api.test.dll" adapterTypeName="executor://nunit3testexecutor/" className="empresax.permiso.api.test.application.service.PermissionServiceTest" name="get" />
    </UnitTest>
    <UnitTest name="create" storage="d:\workspace\pr\empresax.permiso.api\empresax.permiso.api.test\bin\debug\netcoreapp3.1\empresax.permiso.api.test.dll" id="484a91c1-0fb0-0919-43fa-88333fd272a3">
      <Execution id="cc1d554d-5c36-4021-bc98-94161b5421e5" />
      <TestMethod codeBase="D:\workspace\pr\empresax.permiso.api\empresax.permiso.api.test\bin\Debug\netcoreapp3.1\empresax.permiso.api.test.dll" adapterTypeName="executor://nunit3testexecutor/" className="empresax.permiso.api.test.infraestructure.repository.PermissionRepositoryTest" name="create" />
    </UnitTest>
    <UnitTest name="getDTOs" storage="d:\workspace\pr\empresax.permiso.api\empresax.permiso.api.test\bin\debug\netcoreapp3.1\empresax.permiso.api.test.dll" id="979e5997-9f0c-2b58-9f5a-be095685c2af">
      <Execution id="e154c892-839b-499d-98e9-9bd0e318e90e" />
      <TestMethod codeBase="D:\workspace\pr\empresax.permiso.api\empresax.permiso.api.test\bin\Debug\netcoreapp3.1\empresax.permiso.api.test.dll" adapterTypeName="executor://nunit3testexecutor/" className="empresax.permiso.api.test.infraestructure.transform.PermissionTransformTest" name="getDTOs" />
    </UnitTest>
    <UnitTest name="getAggregates" storage="d:\workspace\pr\empresax.permiso.api\empresax.permiso.api.test\bin\debug\netcoreapp3.1\empresax.permiso.api.test.dll" id="350e558e-6dc9-20e6-19a0-58d4df83a2c0">
      <Execution id="7e46824f-b922-4500-b303-4b93a8d01052" />
      <TestMethod codeBase="D:\workspace\pr\empresax.permiso.api\empresax.permiso.api.test\bin\Debug\netcoreapp3.1\empresax.permiso.api.test.dll" adapterTypeName="executor://nunit3testexecutor/" className="empresax.permiso.api.test.infraestructure.transform.PermissionTransformTest" name="getAggregates" />
    </UnitTest>
  </TestDefinitions>
  <TestEntries>
    <TestEntry testId="350e558e-6dc9-20e6-19a0-58d4df83a2c0" executionId="7e46824f-b922-4500-b303-4b93a8d01052" testListId="8c84fa94-04c1-424b-9868-57a2d4851a1d" />
    <TestEntry testId="ea7174ff-43b5-ef31-21b2-023e4b050633" executionId="b09367ad-8346-4954-8f3e-fc4bfe8e239e" testListId="8c84fa94-04c1-424b-9868-57a2d4851a1d" />
    <TestEntry testId="f4141637-94fb-895c-0c06-28c84afb7f12" executionId="650e9066-e8d9-457f-9da0-a75f7bbcfbfa" testListId="8c84fa94-04c1-424b-9868-57a2d4851a1d" />
    <TestEntry testId="7f8c131e-83c5-7252-baaf-de25e78f0eb0" executionId="38b099e3-9077-4255-964c-78afdf0fc8f5" testListId="8c84fa94-04c1-424b-9868-57a2d4851a1d" />
    <TestEntry testId="b5c55b33-8b31-3039-4a90-6d089bb109dd" executionId="c25eaf4f-b9d3-40d0-a253-3e782068b709" testListId="8c84fa94-04c1-424b-9868-57a2d4851a1d" />
    <TestEntry testId="d382a7fe-a3d7-d1ac-c75e-1e29e4675531" executionId="a8174f2a-5958-4a79-80d1-cb026e16875c" testListId="8c84fa94-04c1-424b-9868-57a2d4851a1d" />
    <TestEntry testId="423fbcea-3931-10dc-a48b-2140fe4c1a17" executionId="be22cb41-0866-4a70-bb92-586cbadac533" testListId="8c84fa94-04c1-424b-9868-57a2d4851a1d" />
    <TestEntry testId="292724bb-1e2e-5576-5ff1-af272d3a4734" executionId="2bd955ac-b304-4ace-8bde-b67219350b20" testListId="8c84fa94-04c1-424b-9868-57a2d4851a1d" />
    <TestEntry testId="3bf529a7-d1ba-f6a4-188e-b750045a6328" executionId="91da8771-9f91-49a0-b28c-4fde8ccc8c43" testListId="8c84fa94-04c1-424b-9868-57a2d4851a1d" />
    <TestEntry testId="fafcc448-d0b0-6ef0-f349-a38358d123a9" executionId="bfd420c8-4010-47a9-a4e1-a61668dfc43b" testListId="8c84fa94-04c1-424b-9868-57a2d4851a1d" />
    <TestEntry testId="7d16d8f1-e277-dc4f-d183-119844044ad2" executionId="281ce354-e1ac-4506-92ea-6f4f10702906" testListId="8c84fa94-04c1-424b-9868-57a2d4851a1d" />
    <TestEntry testId="9d7fe1bb-dd86-5e90-3d52-6a3a1e9ba0e3" executionId="0cdbc496-f42c-4912-9acd-f468ae3ca5a5" testListId="8c84fa94-04c1-424b-9868-57a2d4851a1d" />
    <TestEntry testId="979e5997-9f0c-2b58-9f5a-be095685c2af" executionId="e154c892-839b-499d-98e9-9bd0e318e90e" testListId="8c84fa94-04c1-424b-9868-57a2d4851a1d" />
    <TestEntry testId="484a91c1-0fb0-0919-43fa-88333fd272a3" executionId="cc1d554d-5c36-4021-bc98-94161b5421e5" testListId="8c84fa94-04c1-424b-9868-57a2d4851a1d" />
  </TestEntries>
  <TestLists>
    <TestList name="Resultados sin formato de lista" id="8c84fa94-04c1-424b-9868-57a2d4851a1d" />
    <TestList name="Todos los resultados cargados" id="19431567-8539-422a-85d7-44ee4e166bda" />
  </TestLists>
  <ResultSummary outcome="Completed">
    <Counters total="14" executed="14" passed="14" failed="0" error="0" timeout="0" aborted="0" inconclusive="0" passedButRunAborted="0" notRunnable="0" notExecuted="0" disconnected="0" warning="0" completed="0" inProgress="0" pending="0" />
    <Output>
      <StdOut>NUnit Adapter 3.15.1.0: Test execution started&#xD;
Running all tests in D:\workspace\pr\empresax.permiso.api\empresax.permiso.api.test\bin\Debug\netcoreapp3.1\empresax.permiso.api.test.dll&#xD;
   NUnit3TestExecutor converted 14 of 14 NUnit test cases&#xD;
NUnit Adapter 3.15.1.0: Test execution complete&#xD;
</StdOut>
    </Output>
  </ResultSummary>
</TestRun>